  Source.cpp
c:\users\user\documents\visual studio 2015\projects\multiplemedia_imageprocessing_v2\multiplemedia_imageprocessing\multiplemedia_imageprocessing\source.cpp(8): warning C4305: '正在初始化': 從 'double' 轉換為 'float'，是由較大的類型轉換為較小的類型，可能導致資料遺失
c:\users\user\documents\visual studio 2015\projects\multiplemedia_imageprocessing_v2\multiplemedia_imageprocessing\multiplemedia_imageprocessing\source.cpp(166): warning C4244: '=': 將 'int' 轉換為 'float'，由於類型不同，可能導致資料遺失
c:\users\user\documents\visual studio 2015\projects\multiplemedia_imageprocessing_v2\multiplemedia_imageprocessing\multiplemedia_imageprocessing\source.cpp(208): warning C4244: '=': 將 'int' 轉換為 'float'，由於類型不同，可能導致資料遺失
c:\users\user\documents\visual studio 2015\projects\multiplemedia_imageprocessing_v2\multiplemedia_imageprocessing\multiplemedia_imageprocessing\source.cpp(324): warning C4244: '=': 將 'float' 轉換為 'unsigned int'，由於類型不同，可能導致資料遺失
c:\users\user\documents\visual studio 2015\projects\multiplemedia_imageprocessing_v2\multiplemedia_imageprocessing\multiplemedia_imageprocessing\source.cpp(325): warning C4244: '=': 將 'float' 轉換為 'unsigned int'，由於類型不同，可能導致資料遺失
c:\users\user\documents\visual studio 2015\projects\multiplemedia_imageprocessing_v2\multiplemedia_imageprocessing\multiplemedia_imageprocessing\source.cpp(326): warning C4244: '=': 將 'float' 轉換為 'unsigned int'，由於類型不同，可能導致資料遺失
c:\users\user\documents\visual studio 2015\projects\multiplemedia_imageprocessing_v2\multiplemedia_imageprocessing\multiplemedia_imageprocessing\source.cpp(331): warning C4244: '=': 將 'float' 轉換為 'unsigned int'，由於類型不同，可能導致資料遺失
c:\users\user\documents\visual studio 2015\projects\multiplemedia_imageprocessing_v2\multiplemedia_imageprocessing\multiplemedia_imageprocessing\source.cpp(332): warning C4244: '=': 將 'float' 轉換為 'unsigned int'，由於類型不同，可能導致資料遺失
c:\users\user\documents\visual studio 2015\projects\multiplemedia_imageprocessing_v2\multiplemedia_imageprocessing\multiplemedia_imageprocessing\source.cpp(333): warning C4244: '=': 將 'float' 轉換為 'unsigned int'，由於類型不同，可能導致資料遺失
c:\users\user\documents\visual studio 2015\projects\multiplemedia_imageprocessing_v2\multiplemedia_imageprocessing\multiplemedia_imageprocessing\source.cpp(339): warning C4244: '=': 將 'float' 轉換為 'unsigned int'，由於類型不同，可能導致資料遺失
c:\users\user\documents\visual studio 2015\projects\multiplemedia_imageprocessing_v2\multiplemedia_imageprocessing\multiplemedia_imageprocessing\source.cpp(340): warning C4244: '=': 將 'float' 轉換為 'unsigned int'，由於類型不同，可能導致資料遺失
c:\users\user\documents\visual studio 2015\projects\multiplemedia_imageprocessing_v2\multiplemedia_imageprocessing\multiplemedia_imageprocessing\source.cpp(341): warning C4244: '=': 將 'float' 轉換為 'unsigned int'，由於類型不同，可能導致資料遺失
c:\users\user\documents\visual studio 2015\projects\multiplemedia_imageprocessing_v2\multiplemedia_imageprocessing\multiplemedia_imageprocessing\source.cpp(391): warning C4244: '=': 將 'int' 轉換為 'float'，由於類型不同，可能導致資料遺失
c:\users\user\documents\visual studio 2015\projects\multiplemedia_imageprocessing_v2\multiplemedia_imageprocessing\multiplemedia_imageprocessing\source.cpp(439): warning C4305: '正在初始化': 從 'int' 轉換為 'float'，是由較大的類型轉換為較小的類型，可能導致資料遺失
c:\users\user\documents\visual studio 2015\projects\multiplemedia_imageprocessing_v2\multiplemedia_imageprocessing\multiplemedia_imageprocessing\source.cpp(458): warning C4305: '正在初始化': 從 'int' 轉換為 'float'，是由較大的類型轉換為較小的類型，可能導致資料遺失
c:\users\user\documents\visual studio 2015\projects\multiplemedia_imageprocessing_v2\multiplemedia_imageprocessing\multiplemedia_imageprocessing\source.cpp(476): warning C4244: '正在初始化': 將 'double' 轉換為 'float'，由於類型不同，可能導致資料遺失
c:\users\user\documents\visual studio 2015\projects\multiplemedia_imageprocessing_v2\multiplemedia_imageprocessing\multiplemedia_imageprocessing\source.cpp(497): warning C4305: '=': 從 'double' 轉換為 'float'，是由較大的類型轉換為較小的類型，可能導致資料遺失
c:\users\user\documents\visual studio 2015\projects\multiplemedia_imageprocessing_v2\multiplemedia_imageprocessing\multiplemedia_imageprocessing\source.cpp(499): warning C4305: '=': 從 'double' 轉換為 'float'，是由較大的類型轉換為較小的類型，可能導致資料遺失
c:\users\user\documents\visual studio 2015\projects\multiplemedia_imageprocessing_v2\multiplemedia_imageprocessing\multiplemedia_imageprocessing\source.cpp(560): warning C4244: '正在初始化': 將 'std::streamoff' 轉換為 'int'，由於類型不同，可能導致資料遺失
c:\users\user\documents\visual studio 2015\projects\multiplemedia_imageprocessing_v2\multiplemedia_imageprocessing\multiplemedia_imageprocessing\source.cpp(582): warning C4244: '正在初始化': 將 'std::streamoff' 轉換為 'int'，由於類型不同，可能導致資料遺失
c:\users\user\documents\visual studio 2015\projects\multiplemedia_imageprocessing_v2\multiplemedia_imageprocessing\multiplemedia_imageprocessing\source.cpp(604): warning C4244: '正在初始化': 將 'std::streamoff' 轉換為 'long'，由於類型不同，可能導致資料遺失
  MultipleMedia_ImageProcessing.vcxproj -> C:\Users\user\Documents\Visual Studio 2015\Projects\MultipleMedia_ImageProcessing_v2\MultipleMedia_ImageProcessing\Debug\MultipleMedia_ImageProcessing.exe
  MultipleMedia_ImageProcessing.vcxproj -> C:\Users\user\Documents\Visual Studio 2015\Projects\MultipleMedia_ImageProcessing_v2\MultipleMedia_ImageProcessing\Debug\MultipleMedia_ImageProcessing.pdb (Full PDB)
